\BOOKMARK [0][-]{chapter.1}{\376\377\122\115\212\000}{}% 1
\BOOKMARK [0][-]{chapter.2}{\376\377\122\115\154\277\215\104\213\257}{}% 2
\BOOKMARK [1][-]{section*.2}{\376\377\123\101\116\000\147\010}{chapter.2}% 3
\BOOKMARK [1][-]{section*.6}{\376\377\123\101\116\214\147\010}{chapter.2}% 4
\BOOKMARK [1][-]{section*.10}{\376\377\116\000\147\010}{chapter.2}% 5
\BOOKMARK [1][-]{section*.12}{\376\377\116\214\147\010}{chapter.2}% 6
\BOOKMARK [1][-]{section*.14}{\376\377\116\011\147\010}{chapter.2}% 7
\BOOKMARK [1][-]{section*.16}{\376\377\126\333\147\010}{chapter.2}% 8
\BOOKMARK [1][-]{section*.23}{\376\377\116\224\147\010}{chapter.2}% 9
\BOOKMARK [1][-]{section*.31}{\376\377\121\155\147\010}{chapter.2}% 10
\BOOKMARK [1][-]{section*.38}{\376\377\116\003\147\010}{chapter.2}% 11
\BOOKMARK [1][-]{section*.45}{\376\377\121\153\147\010}{chapter.2}% 12
\BOOKMARK [1][-]{section*.51}{\376\377\116\135\147\010}{chapter.2}% 13
\BOOKMARK [1][-]{section*.57}{\376\377\123\101\147\010}{chapter.2}% 14
\BOOKMARK [1][-]{section*.65}{\376\377\123\101\116\000\147\010}{chapter.2}% 15
\BOOKMARK [1][-]{section*.75}{\376\377\123\101\116\214\147\010}{chapter.2}% 16
\BOOKMARK [1][-]{section*.82}{\376\377\116\000\147\010}{chapter.2}% 17
\BOOKMARK [1][-]{section*.89}{\376\377\116\214\147\010}{chapter.2}% 18
\BOOKMARK [1][-]{section*.96}{\376\377\116\011\147\010}{chapter.2}% 19
\BOOKMARK [1][-]{section*.103}{\376\377\126\333\147\010}{chapter.2}% 20
\BOOKMARK [1][-]{section*.111}{\376\377\116\224\147\010}{chapter.2}% 21
\BOOKMARK [1][-]{section*.113}{\376\377\121\155\147\010}{chapter.2}% 22
\BOOKMARK [1][-]{section*.122}{\376\377\116\003\147\010}{chapter.2}% 23
\BOOKMARK [1][-]{section*.128}{\376\377\121\153\147\010}{chapter.2}% 24
\BOOKMARK [1][-]{section*.130}{\376\377\116\135\147\010}{chapter.2}% 25
\BOOKMARK [1][-]{section*.132}{\376\377\123\101\147\010}{chapter.2}% 26
\BOOKMARK [1][-]{section*.134}{\376\377\123\101\116\000\147\010}{chapter.2}% 27
\BOOKMARK [1][-]{section*.136}{\376\377\123\101\116\214\147\010}{chapter.2}% 28
\BOOKMARK [1][-]{section*.138}{\376\377\116\000\147\010}{chapter.2}% 29
\BOOKMARK [1][-]{section*.140}{\376\377\116\214\147\010}{chapter.2}% 30
\BOOKMARK [1][-]{section*.142}{\376\377\116\011\147\010}{chapter.2}% 31
\BOOKMARK [1][-]{section*.144}{\376\377\126\333\147\010}{chapter.2}% 32
\BOOKMARK [1][-]{section*.146}{\376\377\116\224\147\010}{chapter.2}% 33
\BOOKMARK [1][-]{section*.148}{\376\377\121\155\147\010}{chapter.2}% 34
\BOOKMARK [1][-]{section*.150}{\376\377\116\003\147\010}{chapter.2}% 35
\BOOKMARK [1][-]{section*.152}{\376\377\121\153\147\010}{chapter.2}% 36
\BOOKMARK [1][-]{section*.154}{\376\377\116\135\147\010}{chapter.2}% 37
\BOOKMARK [1][-]{section*.156}{\376\377\123\101\147\010}{chapter.2}% 38
\BOOKMARK [1][-]{section*.158}{\376\377\123\101\116\000\147\010}{chapter.2}% 39
\BOOKMARK [1][-]{section*.160}{\376\377\123\101\116\214\147\010}{chapter.2}% 40
\BOOKMARK [0][-]{chapter.3}{\376\377\171\321\146\156\213\262\130\002}{}% 41
\BOOKMARK [1][-]{section.3.1}{\376\377\155\367\154\214\166\204\121\254\145\345}{chapter.3}% 42
\BOOKMARK [1][-]{section.3.2}{\376\377\123\027\116\254\166\204\172\172\154\024\123\330\131\175\116\206\377\014\117\106\146\057\040\046\040\046}{chapter.3}% 43
\BOOKMARK [1][-]{section.3.3}{\376\377\173\111\230\316\147\145}{chapter.3}% 44
\BOOKMARK [1][-]{section.3.4}{\376\377\176\263\174\163\227\136\174\163}{chapter.3}% 45
\BOOKMARK [1][-]{section.3.5}{\376\377\117\140\125\235\166\204\123\357\200\375\146\057\000`\000`\147\011\153\322\000'\000'\166\204\201\352\147\145\154\064\377\037\377\001}{chapter.3}% 46
\BOOKMARK [1][-]{section.3.6}{\376\377\116\000\156\364\154\064\166\204\145\105\116\213}{chapter.3}% 47
\BOOKMARK [1][-]{section.3.7}{\376\377\134\017\171\370\171\306\377\014\131\047\225\356\230\230}{chapter.3}% 48
\BOOKMARK [1][-]{section.3.8}{\376\377\000V\000O\000C\121\317\143\222\040\024\040\024\131\047\154\024\154\273\164\006\166\204\145\260\143\021\142\030}{chapter.3}% 49
\BOOKMARK [1][-]{section.3.9}{\376\377\165\037\140\001\040\042\116\224\210\114\040\042\116\272\117\046}{chapter.3}% 50
\BOOKMARK [1][-]{section.3.10}{\376\377\154\271\165\060\163\257\117\335\116\113\165\333\040\024\040\024\124\053\154\271\154\141\154\345}{chapter.3}% 51
\BOOKMARK [1][-]{section.3.11}{\376\377\145\257\137\267\124\345\134\024\144\151\121\154\176\246\124\214\133\203\000`\000`\225\001\000'\000'\117\117\166\204\000P\000O\000P\000s}{chapter.3}% 52
\BOOKMARK [1][-]{section.3.12}{\376\377\145\345\136\070\165\037\155\073\116\055\166\204\123\026\133\146\124\301\040\024\040\024\145\260\127\213\147\011\147\072\154\141\147\323\162\151\173\200\116\313}{chapter.3}% 53
\BOOKMARK [1][-]{section.3.13}{\376\377\116\272\206\116\121\161\133\130\377\014\116\076\153\145\176\364\202\160}{chapter.3}% 54
\BOOKMARK [1][-]{section.3.14}{\376\377\123\357\143\001\176\355\171\076\123\072\136\372\213\276\150\110\117\213\040\024\040\024\123\027\116\254\137\123\116\343\000M\000O\000M\000A\121\154\133\323}{chapter.3}% 55
\BOOKMARK [1][-]{section.3.15}{\376\377\163\257\130\203\117\335\142\244\377\014\117\335\142\244\117\030\121\110}{chapter.3}% 56
\BOOKMARK [1][-]{section.3.16}{\376\377\000`\000`\170\067\000'\000'\165\037\116\015\140\157}{chapter.3}% 57
\BOOKMARK [1][-]{section.3.17}{\376\377\126\375\133\266\121\154\126\355\146\057\116\300\116\110\126\355}{chapter.3}% 58
\BOOKMARK [1][-]{section.3.18}{\376\377\126\375\133\266\121\154\126\355\146\057\116\015\146\057\145\305\156\070\146\157\123\072\377\037}{chapter.3}% 59
\BOOKMARK [1][-]{section.3.19}{\376\377\117\125\116\072\000`\000`\147\000\116\045\150\074\166\204\117\335\142\244\000'\000'\000?\040\024\040\024\211\343\213\373\000`\000`\126\375\133\266\121\154\126\355\133\236\210\114\147\000\116\045\150\074\166\204\117\335\142\244\000'\000'\377\010\116\113\116\000\377\011}{chapter.3}% 60
\BOOKMARK [1][-]{section.3.20}{\376\377\126\375\133\266\121\154\126\355\131\202\117\125\176\337\173\171\000`\000`\147\000\116\045\150\074\166\204\117\335\142\244\000'\000'\124\214\000`\000`\176\377\154\064\227\122\134\161\134\061\146\057\221\321\134\161\224\366\134\161\000'\000'}{chapter.3}% 61
\BOOKMARK [1][-]{section.3.21}{\376\377\000`\000`\147\000\116\045\150\074\166\204\171\321\133\146\117\335\142\244\000'\000'\166\204\126\375\121\205\131\026\133\236\215\365\176\317\232\214}{chapter.3}% 62
\BOOKMARK [1][-]{section.3.22}{\376\377\126\375\121\205\201\352\161\066\117\335\142\244\127\060\000`\000`\116\000\122\000\122\007\000'\000'\117\335\142\244\166\204\137\012\172\357\123\312\214\003\145\164\136\372\213\256}{chapter.3}% 63
\BOOKMARK [1][-]{section.3.23}{\376\377\204\335\205\373\166\204\122\237\217\307\146\057\227\136}{chapter.3}% 64
\BOOKMARK [1][-]{section.3.24}{\376\377\226\350\217\330\146\057\221\170\166\204\124\027\377\037}{chapter.3}% 65
\BOOKMARK [1][-]{section.3.25}{\376\377\215\337\131\051\154\024\230\204\142\245\166\370\153\324\377\014\172\172\154\024\215\050\221\317\230\204\142\245\226\276\131\032\116\206}{chapter.3}% 66
\BOOKMARK [1][-]{section.3.26}{\376\377\117\134\116\072\121\145\117\265\162\151\171\315\166\204\116\272\174\173}{chapter.3}% 67
\BOOKMARK [1][-]{section.3.27}{\376\377\117\134\116\072\135\345\116\032\124\301\166\204\116\272\174\173}{chapter.3}% 68
\BOOKMARK [1][-]{section.3.28}{\376\377\116\033\147\235\203\314\150\071\167\037\203\314\377\032\000`\000`\137\256\000'\000'\134\017\165\037\162\151\377\014\131\047\147\011\000`\000`\124\015\130\002\000'\000'}{chapter.3}% 69
\BOOKMARK [1][-]{section.3.29}{\376\377\116\272\116\272\116\211\165\050\146\076\204\127\140\047\377\014\000p\120\074\137\303\116\213\121\340\116\272\167\345}{chapter.3}% 70
\BOOKMARK [1][-]{section.3.30}{\376\377\227\122\206\331\166\204\171\321\170\024\116\113\145\305}{chapter.3}% 71
\BOOKMARK [1][-]{section.3.31}{\376\377\142\225\172\077\220\243\116\233\116\213\121\077}{chapter.3}% 72
\BOOKMARK [1][-]{section.3.32}{\376\377\127\316\136\002\220\123\215\357\171\373\122\250\166\321\155\113\134\125\147\033}{chapter.3}% 73
\BOOKMARK [1][-]{section.3.33}{\376\377\157\134\127\050\216\253\217\271\166\204\163\257\130\203\123\161\133\263\377\032\126\152\130\360}{chapter.3}% 74
\BOOKMARK [1][-]{section.3.34}{\376\377\146\264\227\062\176\304\133\146\166\204\236\316\146\016}{chapter.3}% 75
\BOOKMARK [1][-]{section.3.35}{\376\377\146\264\227\062\170\024\172\166\166\204\203\003\137\017}{chapter.3}% 76
\BOOKMARK [1][-]{section.3.36}{\376\377\127\203\127\076\156\027\156\344\155\262\116\072\116\300\116\110\117\032\162\006\160\270\377\037}{chapter.3}% 77
\BOOKMARK [1][-]{section.3.37}{\376\377\230\316\123\343\155\152\134\026\166\204\145\260\160\337\170\261}{chapter.3}% 78
\BOOKMARK [1][-]{section.3.38}{\376\377\121\215\136\246\155\101\210\114\166\204\236\273\165\271}{chapter.3}% 79
\BOOKMARK [1][-]{section.3.39}{\376\377\121\150\164\003\123\330\146\226\116\016\121\173\165\037\147\013\121\113}{chapter.3}% 80
\BOOKMARK [1][-]{section.3.40}{\376\377\131\047\154\024\163\257\130\203\136\224\140\045\166\321\155\113\167\345\131\032\134\021}{chapter.3}% 81
\BOOKMARK [1][-]{section.3.41}{\376\377\116\316\125\106\227\205\123\330\154\325\122\060\127\203\127\076\122\006\174\173}{chapter.3}% 82
\BOOKMARK [1][-]{section.3.42}{\376\377\116\023\167\013\116\012\155\167\166\204\127\203\127\076\122\006\174\173}{chapter.3}% 83
\BOOKMARK [1][-]{section.3.43}{\376\377\213\364\116\000\213\364\165\037\140\001\377\010\163\257\130\203\377\011\213\146\133\337}{chapter.3}% 84
\BOOKMARK [1][-]{section.3.44}{\376\377\176\306\213\364\157\263\155\062\134\161\160\153\377\032\147\053\145\345\226\115\116\064\377\037}{chapter.3}% 85
\BOOKMARK [1][-]{section.3.45}{\376\377\167\037\172\172\116\055\166\204\164\003\137\142\236\041}{chapter.3}% 86
\BOOKMARK [1][-]{section.3.46}{\376\377\202\202\160\271\121\115\165\253\116\016\121\372\127\010}{chapter.3}% 87
\BOOKMARK [1][-]{section.3.47}{\376\377\145\260\121\240\166\204\230\235\131\026\153\173\116\241\145\160}{chapter.3}% 88
\BOOKMARK [1][-]{section.3.48}{\376\377\142\123\220\040\116\000\116\052\145\260\176\304\133\146}{chapter.3}% 89
\BOOKMARK [0][-]{chapter.4}{\376\377\135\345\172\013\133\236\215\365}{}% 90
\BOOKMARK [1][-]{section.4.1}{\376\377\154\141\136\010\171\301\142\077\203\334\000:\000\040\000O\000U\000R\000\040\124\214\000\040\000S\000V\0003\0000\000\040\166\204\136\224\165\050}{chapter.4}% 91
\BOOKMARK [1][-]{section.4.2}{\376\377\154\141\136\010\171\301\142\077\203\334\174\373\122\027\116\214\000:\000\040\000S\000R\000T\166\204\136\224\165\050}{chapter.4}% 92
\BOOKMARK [1][-]{section.4.3}{\376\377\154\141\136\010\171\301\142\077\203\334\174\373\122\027\116\011\377\032\000A\000O\135\345\202\172\214\003\213\325\171\330\174\115}{chapter.4}% 93
\BOOKMARK [1][-]{section.4.4}{\376\377\154\141\136\010\171\301\142\077\203\334\174\373\122\027\126\333\377\032\155\105\147\220\174\276\170\156\146\335\154\024\142\200\147\057}{chapter.4}% 94
\BOOKMARK [1][-]{section.4.5}{\376\377\154\141\136\010\171\301\142\077\203\334\174\373\122\027\116\224\377\032\123\237\147\145\117\140\146\057\217\331\150\067\166\204\000C\000O\000D}{chapter.4}% 95
\BOOKMARK [1][-]{section.4.6}{\376\377\154\141\136\010\171\301\142\077\203\334\121\155\377\032\127\060\116\073\133\266\116\137\154\241\147\011\117\131\174\256\116\206\060\002\060\002\060\002\060\002}{chapter.4}% 96
\BOOKMARK [1][-]{section.4.7}{\376\377\154\141\136\010\171\301\142\077\203\334\116\003\377\032\142\021\116\354\220\375\133\371\154\050\154\056\120\132\116\206\116\300\116\110}{chapter.4}% 97
\BOOKMARK [1][-]{section.4.8}{\376\377\154\141\136\010\171\301\142\077\203\334\121\153\377\032\142\021\142\100\167\345\220\123\166\204\154\141\154\064\226\144\170\367\167\345\213\306}{chapter.4}% 98
\BOOKMARK [1][-]{section.4.9}{\376\377\127\316\136\002\116\113\153\207}{chapter.4}% 99
\BOOKMARK [1][-]{section.4.10}{\376\377\155\152\157\156\116\013\166\204\155\167\176\365\127\316\136\002}{chapter.4}% 100
\BOOKMARK [1][-]{section.4.11}{\376\377\155\105\214\010\155\167\176\365\127\316\136\002\213\325\160\271\230\171\166\356\136\372\213\276\163\260\162\266\123\312\124\016\155\167\176\365\145\366\116\343\134\125\147\033}{chapter.4}% 101
\BOOKMARK [1][-]{section.4.12}{\376\377\127\203\127\076\161\032\160\347\123\321\165\065\213\345\140\016\116\110\160\347}{chapter.4}% 102
\BOOKMARK [1][-]{section.4.13}{\376\377\165\037\155\073\127\203\127\076\161\032\160\347\123\321\165\065\167\345\131\032\134\021}{chapter.4}% 103
\BOOKMARK [1][-]{section.4.14}{\376\377\176\323\213\355}{chapter.4}% 104
\BOOKMARK [1][-]{section.4.15}{\376\377\131\047\154\024\163\257\130\203\166\321\155\113\220\375\165\050\116\233\125\145\213\276\131\007\377\037}{chapter.4}% 105
\BOOKMARK [1][-]{section.4.16}{\376\377\167\363\123\026\210\114\116\032\147\011\147\072\136\237\154\024\163\260\127\072\166\321\155\113\145\271\150\110}{chapter.4}% 106
\BOOKMARK [1][-]{section.4.17}{\376\377\127\372\116\216\000`\000`\117\235\145\110\116\330\215\071\000'\000'\147\072\122\066\116\013\166\204\154\064\163\257\130\203\154\273\164\006\230\171\166\356\217\320\176\364\173\241\164\006\135\345\117\134\211\201\160\271}{chapter.4}% 107
\BOOKMARK [1][-]{section.4.18}{\376\377\213\276\213\241\116\113\116\011\130\203\165\114}{chapter.4}% 108
\BOOKMARK [1][-]{section.4.19}{\376\377\146\172\141\147\123\026\377\014\154\273\116\015\116\206\141\322\166\114}{chapter.4}% 109
\BOOKMARK [1][-]{section.4.20}{\376\377\146\172\141\147\123\026\217\333\172\013\116\055\166\204\116\272\135\345\000\040\040\042\000\040\146\172\200\375}{chapter.4}% 110
\BOOKMARK [1][-]{section.4.21}{\376\377\146\172\141\147\123\026\217\333\172\013\116\055\166\204\000`\000`\116\011\131\047\116\211\000'\000'}{chapter.4}% 111
\BOOKMARK [0][-]{chapter.5}{\376\377\171\321\202\321\230\316\221\307}{}% 112
\BOOKMARK [1][-]{section.5.1}{\376\377\137\365\137\365\116\015\137\330\000\040\137\305\147\011\126\336\124\315}{chapter.5}% 113
\BOOKMARK [1][-]{section.5.2}{\376\377\142\021\116\354\116\137\217\367\203\053\377\014\117\106\116\015\146\376\123\164\153\145\000\040\000|\000\040\236\321\147\177\142\245\124\150\136\164\137\327}{chapter.5}% 114
\BOOKMARK [1][-]{section.5.3}{\376\377\116\000\134\001\147\145\201\352\163\257\117\335\135\345\117\134\200\005\131\273\133\120\166\204\117\341}{chapter.5}% 115
\BOOKMARK [1][-]{section.5.4}{\376\377\131\051\220\123\221\154\122\344\000\040\145\345\145\260\147\010\137\002}{chapter.5}% 116
\BOOKMARK [1][-]{section.5.5}{\376\377\210\114\215\160\131\051\226\105\000\040\117\357\167\260\165\037\160\165}{chapter.5}% 117
\BOOKMARK [1][-]{section.5.6}{\376\377\165\037\155\073\226\217\140\035}{chapter.5}% 118
\BOOKMARK [1][-]{section.5.7}{\376\377\117\140\127\117\142\021\225\005\377\014\142\021\170\070\117\140\231\155\170\227}{chapter.5}% 119
\BOOKMARK [1][-]{section.5.8}{\376\377\120\317\213\276\213\241\200\005\116\000\150\067\140\035\200\003}{chapter.5}% 120
\BOOKMARK [1][-]{section.5.9}{\376\377\116\052\116\272\167\345\213\306\173\241\164\006\000\050\000P\000K\000M\000\051\166\204\147\052\147\145}{chapter.5}% 121
\BOOKMARK [1][-]{section.5.10}{\376\377\142\021\166\204\123\071\121\171\130\041\117\032\213\256}{chapter.5}% 122
\BOOKMARK [1][-]{section.5.11}{\376\377\123\101\116\007\226\005\213\373\221\317\166\204\171\321\146\156}{chapter.5}% 123
\BOOKMARK [1][-]{section.5.12}{\376\377\145\340\167\345\116\113\136\125}{chapter.5}% 124
\BOOKMARK [1][-]{section.5.13}{\376\377\116\000\127\316\116\113\126\375}{chapter.5}% 125
\BOOKMARK [1][-]{section.5.14}{\376\377\225\362\214\010\145\345\147\054\116\034\116\254\156\070\133\146}{chapter.5}% 126
\BOOKMARK [1][-]{section.5.15}{\376\377\137\123\123\027\116\254\220\107\116\012\177\127\232\154}{chapter.5}% 127
\BOOKMARK [1][-]{section.5.16}{\376\377\142\021\116\354\116\000\145\340\142\100\167\345}{chapter.5}% 128
\BOOKMARK [1][-]{section.5.17}{\376\377\171\321\170\024\177\026\172\013\140\035\176\364}{chapter.5}% 129
\BOOKMARK [1][-]{section.5.18}{\376\377\137\123\150\246\140\363\220\017\217\333\172\227}{chapter.5}% 130
\BOOKMARK [1][-]{section.5.19}{\376\377\121\231\127\050\140\073\121\263\215\133\122\115}{chapter.5}% 131
\BOOKMARK [1][-]{section.5.20}{\376\377\167\013\060\012\142\021\116\015\146\057\203\157\171\136\060\013\147\011\141\037}{chapter.5}% 132
\BOOKMARK [1][-]{section.5.21}{\376\377\124\054\202\261\147\102\213\260\116\113\146\132\156\005\126\333\124\015\201\343}{chapter.5}% 133
\BOOKMARK [1][-]{section.5.22}{\376\377\124\054\202\261\147\102\213\260\116\113\122\035\125\020\126\333\147\160}{chapter.5}% 134
\BOOKMARK [1][-]{section.5.23}{\376\377\167\037\133\236\166\204\214\016\212\000\040\024\040\024\000`\000`\117\125\116\015\230\337\200\211\174\334\377\037\000'\000'}{chapter.5}% 135
\BOOKMARK [1][-]{section.5.24}{\376\377\000`\000`\210\114\131\051\166\204\133\210\147\033\000'\000'\174\373\122\027\156\070\213\260}{chapter.5}% 136
\BOOKMARK [1][-]{section.5.25}{\376\377\215\160\217\333\117\012\153\324\122\051\116\232\377\010\126\333\377\011\040\024\040\024\142\130\226\367\131\032\377\010\211\177\163\355\162\131\377\011}{chapter.5}% 137
\BOOKMARK [1][-]{section.5.26}{\376\377\123\206\123\362\116\055\166\204\126\375\133\146}{chapter.5}% 138
\BOOKMARK [1][-]{section.5.27}{\376\377\224\223\234\174\377\037\000N\000O\377\014\146\057\224\223\377\014\141\032\377\001}{chapter.5}% 139
\BOOKMARK [1][-]{section.5.28}{\376\377\116\023\122\051\137\200\116\213}{chapter.5}% 140
\BOOKMARK [1][-]{section.5.29}{\376\377\177\216\126\375\135\345\123\202}{chapter.5}% 141
\BOOKMARK [1][-]{section.5.30}{\376\377\170\024\172\166\165\037\145\345\136\070\213\315\121\170}{chapter.5}% 142
\BOOKMARK [1][-]{section.5.31}{\376\377\116\000\124\015\215\104\155\361\171\321\236\321\167\013\171\321\153\324\000-\136\003\203\261\140\151\162\171}{chapter.5}% 143
\BOOKMARK [1][-]{section.5.32}{\376\377\116\044\171\315\126\340\147\234}{chapter.5}% 144
\BOOKMARK [1][-]{section.5.33}{\376\377\136\035\220\123\060\001\163\213\220\123\060\001\227\070\220\123\200\314\124\016\166\204\140\035\157\156}{chapter.5}% 145
\BOOKMARK [1][-]{section.5.34}{\376\377\136\035\172\336\201\343\142\351\377\014\116\034\154\111\136\035\163\213\217\335\123\315\131\051\140\047\166\204\220\006\217\333\123\026}{chapter.5}% 146
\BOOKMARK [1][-]{section.5.35}{\376\377\133\213\221\321\154\164\116\254\116\113\142\030}{chapter.5}% 147
\BOOKMARK [1][-]{section.5.36}{\376\377\116\312\145\345\120\134\135\345}{chapter.5}% 148
\BOOKMARK [1][-]{section.5.37}{\376\377\207\215\215\035\123\206\226\151\213\260\040\023\000P\000A\000R\000T\0001}{chapter.5}% 149
\BOOKMARK [1][-]{section.5.38}{\376\377\123\331\116\213\131\047\155\101\210\114}{chapter.5}% 150
\BOOKMARK [1][-]{section.5.39}{\376\377\123\132\134\161\203\334}{chapter.5}% 151
\BOOKMARK [0][-]{chapter.6}{\376\377\134\061\116\032\124\250\213\342}{}% 152
\BOOKMARK [1][-]{section.6.1}{\376\377\136\173\123\026\153\213\165\037}{chapter.6}% 153
\BOOKMARK [1][-]{section.6.2}{\376\377\127\050\213\276\213\241\226\142\135\345\117\134\146\057\116\000\171\315\140\016\150\067\166\204\117\123\232\214}{chapter.6}% 154
\BOOKMARK [1][-]{section.6.3}{\376\377\171\321\170\024\116\016\224\261}{chapter.6}% 155
\BOOKMARK [1][-]{section.6.4}{\376\377\171\321\170\024\166\204\211\306\221\316\131\051\150\257}{chapter.6}% 156
\BOOKMARK [1][-]{section.6.5}{\376\377\116\055\145\207\133\146\147\057\124\214\170\024\172\166\165\037\145\131\200\262}{chapter.6}% 157
\BOOKMARK [1][-]{section.6.6}{\376\377\127\372\134\102\163\257\130\203\210\114\145\077\142\147\154\325\135\345\117\134\173\200\116\313}{chapter.6}% 158
\BOOKMARK [1][-]{section.6.7}{\376\377\123\273\126\375\131\026\120\132\171\321\170\024\377\037\121\110\116\206\211\343\116\013\163\257\130\203\124\047}{chapter.6}% 159
\BOOKMARK [1][-]{section.6.8}{\376\377\163\257\130\203\133\146\170\024\172\166\136\224\213\345\116\345\000S\000C\000I\116\072\221\315\124\027\377\037}{chapter.6}% 160
\BOOKMARK [1][-]{section.6.9}{\376\377\163\257\117\335\117\001\116\032\170\024\123\321\121\145\000`\000`\127\121\000'\000'\143\007\123\127}{chapter.6}% 161
\BOOKMARK [1][-]{section.6.10}{\376\377\215\160\124\021\116\026\165\114\166\204\116\055\126\375\163\257\117\335\117\001\116\032}{chapter.6}% 162
\BOOKMARK [1][-]{section.6.11}{\376\377\200\003\213\301\220\243\116\233\116\213\121\077}{chapter.6}% 163
\BOOKMARK [1][-]{section.6.12}{\376\377\154\141\154\064\131\004\164\006\123\202\210\253\177\132\000`\000`\143\222\154\141\215\071\000'\000'\377\014\163\257\130\203\117\335\142\244\230\206\127\337\166\204\123\310\116\000\215\167\000`\000`\137\155\133\207\150\110\000'\000'\377\037}{chapter.6}% 164
\BOOKMARK [1][-]{section.6.13}{\376\377\133\306\226\306\220\032\142\245\124\016\377\014\171\076\117\032\123\026\163\257\130\203\150\300\155\113\134\006\117\125\123\273\117\125\116\316\000?}{chapter.6}% 165
\BOOKMARK [1][-]{section.6.14}{\376\377\171\321\170\024\154\021\135\345\116\016\121\150\150\010\171\321\133\146\133\266}{chapter.6}% 166
\BOOKMARK [1][-]{section.6.15}{\376\377\171\321\170\024\217\157\116\366}{chapter.6}% 167
\BOOKMARK [1][-]{section.6.16}{\376\377\131\202\117\125\142\020\116\072\162\354\172\313\000P\000I\377\014\136\046\226\037\171\321\170\024\377\037}{chapter.6}% 168
\BOOKMARK [1][-]{section.6.17}{\376\377\213\272\135\345\172\013\136\010\166\204\201\352\142\021\117\356\121\173}{chapter.6}% 169
\BOOKMARK [1][-]{section.6.18}{\376\377\137\123\171\321\170\024\116\316\117\341\116\360\217\375\154\102\142\020\116\072\116\000\171\315\200\114\116\032}{chapter.6}% 170
\BOOKMARK [1][-]{section.6.19}{\376\377\000`\000`\123\026\135\345\171\321\117\001\000'\000'\133\211\121\150\225\356\230\230\155\105\147\220\040\024\147\145\201\352\157\263\155\062\166\204\176\317\232\214}{chapter.6}% 171
\BOOKMARK [1][-]{section.6.20}{\376\377\123\101\133\127\210\127}{chapter.6}% 172
\BOOKMARK [1][-]{section.6.21}{\376\377\173\054\116\214\134\112\121\150\126\375\165\037\140\001\163\257\130\203\166\321\155\113\131\047\153\324\153\146\040\024\040\024\166\321\155\113\116\272\166\204\116\000\127\072\166\333\116\213}{chapter.6}% 173
\BOOKMARK [1][-]{section.6.22}{\376\377\163\257\130\203\166\321\155\113\131\047\153\324\153\146\126\336\147\033}{chapter.6}% 174
\BOOKMARK [1][-]{section.6.23}{\376\377\165\037\140\001\163\257\130\203\166\321\155\113\147\072\147\204\121\173\142\020\213\260\040\023\116\272\124\130}{chapter.6}% 175
\BOOKMARK [1][-]{section.6.24}{\376\377\171\321\170\024\124\010\117\134\377\032\215\357\127\050\124\352\221\314\377\037}{chapter.6}% 176
\BOOKMARK [1][-]{section.6.25}{\376\377\166\176\137\072\123\277\000`\000`\146\113\154\137\000'\000'\146\057\140\016\116\110\176\303\142\020\166\204\377\037}{chapter.6}% 177
\BOOKMARK [1][-]{section.6.26}{\376\377\123\357\221\315\131\015\140\047\123\161\147\072}{chapter.6}% 178
\BOOKMARK [1][-]{section.6.27}{\376\377\000W\000C\000U\000B\211\301\225\373\137\125}{chapter.6}% 179
\BOOKMARK [1][-]{section.6.28}{\376\377\176\275\176\246\146\264\227\062\176\304\133\146\170\024\213\250\117\032\176\252\211\201}{chapter.6}% 180
